{
  "RSpec": {
    "coverage": {
      "/Users/ryan/turing/2module/practice/movie_set/config/environment.rb": [
        null,
        1,
        null,
        null,
        1
      ],
      "/Users/ryan/turing/2module/practice/movie_set/config/application.rb": [
        1,
        null,
        1,
        null,
        1,
        1,
        1,
        1,
        1,
        1,
        1,
        1,
        null,
        null,
        null,
        null,
        1,
        null,
        1,
        1,
        null,
        1,
        null,
        null,
        null,
        null,
        null,
        null,
        1,
        null,
        null
      ],
      "/Users/ryan/turing/2module/practice/movie_set/config/boot.rb": [
        1,
        null,
        1
      ],
      "/Users/ryan/turing/2module/practice/movie_set/config/environments/test.rb": [
        1,
        null,
        null,
        null,
        null,
        null,
        null,
        1,
        null,
        null,
        null,
        null,
        1,
        null,
        null,
        1,
        1,
        null,
        null,
        null,
        null,
        1,
        1,
        null,
        null,
        1,
        null,
        null,
        1,
        1,
        null,
        null,
        null,
        null,
        1,
        null,
        null,
        1,
        null,
        null,
        null,
        null
      ],
      "/Users/ryan/turing/2module/practice/movie_set/config/initializers/application_controller_renderer.rb": [
        null,
        null,
        null,
        null,
        null,
        null,
        null,
        null
      ],
      "/Users/ryan/turing/2module/practice/movie_set/config/initializers/assets.rb": [
        null,
        null,
        null,
        1,
        null,
        null,
        null,
        null,
        1,
        null,
        null,
        null,
        null,
        null
      ],
      "/Users/ryan/turing/2module/practice/movie_set/config/initializers/backtrace_silencers.rb": [
        null,
        null,
        null,
        null,
        null,
        null,
        null
      ],
      "/Users/ryan/turing/2module/practice/movie_set/config/initializers/cookies_serializer.rb": [
        null,
        null,
        null,
        null,
        1
      ],
      "/Users/ryan/turing/2module/practice/movie_set/config/initializers/filter_parameter_logging.rb": [
        null,
        null,
        null,
        1
      ],
      "/Users/ryan/turing/2module/practice/movie_set/config/initializers/inflections.rb": [
        null,
        null,
        null,
        null,
        null,
        null,
        null,
        null,
        null,
        null,
        null,
        null,
        null,
        null,
        null,
        null
      ],
      "/Users/ryan/turing/2module/practice/movie_set/config/initializers/mime_types.rb": [
        null,
        null,
        null,
        null
      ],
      "/Users/ryan/turing/2module/practice/movie_set/config/initializers/wrap_parameters.rb": [
        null,
        null,
        null,
        null,
        null,
        null,
        1,
        2,
        null,
        null,
        null,
        null,
        null,
        null
      ],
      "/Users/ryan/turing/2module/practice/movie_set/config/routes.rb": [
        1,
        null,
        1,
        1,
        null
      ],
      "/Users/ryan/turing/2module/practice/movie_set/app/helpers/application_helper.rb": [
        1,
        null
      ],
      "/Users/ryan/turing/2module/practice/movie_set/spec/features/movies/welcome_spec.rb": [
        1,
        null,
        1,
        1,
        1,
        null,
        1,
        1,
        null,
        null,
        null
      ],
      "/Users/ryan/turing/2module/practice/movie_set/spec/models/actor_movie_spec.rb": [
        1,
        null,
        1,
        1,
        2,
        2,
        null,
        null
      ],
      "/Users/ryan/turing/2module/practice/movie_set/app/models/actor_movie.rb": [
        1,
        1,
        1,
        null
      ],
      "/Users/ryan/turing/2module/practice/movie_set/app/models/application_record.rb": [
        1,
        1,
        null
      ],
      "/Users/ryan/turing/2module/practice/movie_set/spec/models/actor_spec.rb": [
        1,
        null,
        1,
        1,
        2,
        2,
        null,
        null,
        null
      ],
      "/Users/ryan/turing/2module/practice/movie_set/app/models/actor.rb": [
        1,
        1,
        1,
        null,
        null
      ],
      "/Users/ryan/turing/2module/practice/movie_set/spec/models/movie_spec.rb": [
        1,
        null,
        1,
        1,
        1,
        1,
        null,
        1,
        null,
        1,
        1,
        null,
        1,
        null,
        null,
        null,
        1,
        2,
        2,
        2,
        null,
        null,
        1,
        2,
        2,
        null,
        null
      ],
      "/Users/ryan/turing/2module/practice/movie_set/app/models/movie.rb": [
        1,
        1,
        1,
        1,
        null,
        1,
        null,
        null,
        null
      ],
      "/Users/ryan/turing/2module/practice/movie_set/app/controllers/movies_controller.rb": [
        1,
        1,
        1,
        null,
        null
      ],
      "/Users/ryan/turing/2module/practice/movie_set/app/controllers/application_controller.rb": [
        1,
        1,
        null
      ],
      "/Users/ryan/turing/2module/practice/movie_set/app/controllers/welcome_controller.rb": [
        1,
        null,
        1,
        null,
        null,
        null
      ],
      "/Users/ryan/turing/2module/practice/movie_set/app/models/review.rb": [
        1,
        1,
        null,
        1,
        null
      ]
    },
    "timestamp": 1557969484
  }
}
